<?xml version="1.0" encoding="UTF-8"?>
<!-- Generated by org.testng.reporters.JUnitReportReporter -->
<testsuite hostname="MSI" failures="0" tests="20" name="com.practice.LearningThreadPoolSize" time="0.322" errors="0" timestamp="2026-04-28T20:02:08 IST" skipped="0">
  <testcase classname="com.practice.LearningThreadPoolSize" name="runMultipleTimes" time="0.020"/>
  <testcase classname="com.practice.LearningThreadPoolSize" name="runMultipleTimes" time="0.022"/>
  <testcase classname="com.practice.LearningThreadPoolSize" name="runMultipleTimes" time="0.001"/>
  <testcase classname="com.practice.LearningThreadPoolSize" name="runMultipleTimes" time="0.026"/>
  <testcase classname="com.practice.LearningThreadPoolSize" name="runMultipleTimes" time="0.020"/>
  <testcase classname="com.practice.LearningThreadPoolSize" name="runMultipleTimes" time="0.029"/>
  <testcase classname="com.practice.LearningThreadPoolSize" name="runMultipleTimes" time="0.019"/>
  <testcase classname="com.practice.LearningThreadPoolSize" name="runMultipleTimes" time="0.005"/>
  <testcase classname="com.practice.LearningThreadPoolSize" name="runMultipleTimes" time="0.014"/>
  <testcase classname="com.practice.LearningThreadPoolSize" name="runMultipleTimes" time="0.024"/>
  <testcase classname="com.practice.LearningThreadPoolSize" name="runMultipleTimes" time="0.003"/>
  <testcase classname="com.practice.LearningThreadPoolSize" name="runMultipleTimes" time="0.013"/>
  <testcase classname="com.practice.LearningThreadPoolSize" name="runMultipleTimes" time="0.007"/>
  <testcase classname="com.practice.LearningThreadPoolSize" name="runMultipleTimes" time="0.012"/>
  <testcase classname="com.practice.LearningThreadPoolSize" name="runMultipleTimes" time="0.011"/>
  <testcase classname="com.practice.LearningThreadPoolSize" name="runMultipleTimes" time="0.019"/>
  <testcase classname="com.practice.LearningThreadPoolSize" name="runMultipleTimes" time="0.015"/>
  <testcase classname="com.practice.LearningThreadPoolSize" name="runMultipleTimes" time="0.019"/>
  <testcase classname="com.practice.LearningThreadPoolSize" name="runMultipleTimes" time="0.015"/>
  <testcase classname="com.practice.LearningThreadPoolSize" name="runMultipleTimes" time="0.028"/>
</testsuite> <!-- com.practice.LearningThreadPoolSize -->
