<?xml version="1.0" encoding="UTF-8"?>
<!-- Generated by org.testng.reporters.JUnitReportReporter -->
<testsuite hostname="MSI" failures="0" tests="4" name="com.practice.LearningPriority" time="0.014" errors="0" timestamp="2026-04-28T19:07:03 IST" skipped="0">
  <testcase classname="com.practice.LearningPriority" name="register" time="0.010"/>
  <testcase classname="com.practice.LearningPriority" name="appointment" time="0.002"/>
  <testcase classname="com.practice.LearningPriority" name="diagnosis" time="0.001"/>
  <testcase classname="com.practice.LearningPriority" name="bloodTesting" time="0.001"/>
</testsuite> <!-- com.practice.LearningPriority -->
