<?xml version="1.0" encoding="UTF-8"?>
<!-- Generated by org.testng.reporters.JUnitReportReporter -->
<testsuite hostname="MSI" failures="0" tests="3" name="com.practice.DataProviderPractice" time="0.020" errors="0" timestamp="2026-05-07T19:21:34 IST" skipped="0">
  <testcase classname="com.practice.DataProviderPractice" name="sampleLoginTest" time="0.002"/>
  <testcase classname="com.practice.DataProviderPractice" name="sampleLoginTest" time="0.003"/>
  <testcase classname="com.practice.DataProviderPractice" name="sampleLoginTest" time="0.015"/>
</testsuite> <!-- com.practice.DataProviderPractice -->
