<?xml version="1.0" encoding="UTF-8"?>
<!-- Generated by org.testng.reporters.JUnitReportReporter -->
<testsuite hostname="MSI" failures="0" tests="1" name="com.practice.LearningSoftAssert" time="0.015" errors="0" timestamp="2026-05-06T19:58:40 IST" skipped="0">
  <testcase classname="com.practice.LearningSoftAssert" name="sumofTwo" time="0.015">
    <system-out>
      <![CDATA[Test casse is Failed]]>
    </system-out>
  </testcase> <!-- sumofTwo -->
  <system-out>
    <![CDATA[Test casse is Failed]]>
  </system-out>
</testsuite> <!-- com.practice.LearningSoftAssert -->
