<?xml version="1.0" encoding="UTF-8"?>
<!-- Generated by org.testng.reporters.JUnitReportReporter -->
<testsuite hostname="MSI" failures="0" tests="1" name="com.demowebshop_RegisterPage.RegisterNewUserTest" time="15.838" errors="0" timestamp="2026-05-06T20:24:24 IST" skipped="0">
  <testcase classname="com.demowebshop_RegisterPage.RegisterNewUserTest" name="RegisterUserTest" time="15.838">
    <system-out>
      <![CDATA[Test Case Execution is Passed for registeration success]]>
    </system-out>
  </testcase> <!-- RegisterUserTest -->
  <system-out>
    <![CDATA[Test Case Execution is Passed for registeration success]]>
  </system-out>
</testsuite> <!-- com.demowebshop_RegisterPage.RegisterNewUserTest -->
