<?xml version="1.0" encoding="UTF-8"?>
<!-- Generated by org.testng.reporters.JUnitReportReporter -->
<testsuite hostname="MSI" failures="0" tests="2" name="com.practice.LearningDependsOnMethod" time="0.016" errors="0" timestamp="2026-04-28T19:37:53 IST" skipped="1">
  <testcase classname="com.practice.LearningDependsOnMethod" name="viewContactHistory" time="0.016"/>
  <testcase classname="com.practice.LearningDependsOnMethod" name="createContact">
    <skipped/>
  </testcase> <!-- createContact -->
</testsuite> <!-- com.practice.LearningDependsOnMethod -->
