<?xml version="1.0" encoding="UTF-8"?>
<!-- Generated by org.testng.reporters.JUnitReportReporter -->
<testsuite hostname="MSI" failures="0" tests="4" name="com.practice.LearningEnabled" time="0.012" errors="0" timestamp="2026-04-28T19:22:01 IST" skipped="1">
  <testcase classname="com.practice.LearningEnabled" name="register" time="0.008"/>
  <testcase classname="com.practice.LearningEnabled" name="appointment" time="0.002"/>
  <testcase classname="com.practice.LearningEnabled" name="diagnosis" time="0.002"/>
  <testcase classname="com.practice.LearningEnabled" name="bloodTesting">
    <skipped/>
  </testcase> <!-- bloodTesting -->
</testsuite> <!-- com.practice.LearningEnabled -->
