<?xml version="1.0" encoding="UTF-8"?>
<!-- Generated by org.testng.reporters.JUnitReportReporter -->
<testsuite hostname="MSI" failures="0" tests="6" name="com.practice.LearningInvocationCount" time="0.016" errors="0" timestamp="2026-04-28T19:20:10 IST" skipped="0">
  <testcase classname="com.practice.LearningInvocationCount" name="register" time="0.007"/>
  <testcase classname="com.practice.LearningInvocationCount" name="appointment" time="0.002"/>
  <testcase classname="com.practice.LearningInvocationCount" name="appointment" time="0.004"/>
  <testcase classname="com.practice.LearningInvocationCount" name="appointment" time="0.000"/>
  <testcase classname="com.practice.LearningInvocationCount" name="diagnosis" time="0.001"/>
  <testcase classname="com.practice.LearningInvocationCount" name="diagnosis" time="0.002"/>
</testsuite> <!-- com.practice.LearningInvocationCount -->
