<?xml version="1.0" encoding="UTF-8"?>
<testng-results ignored="0" total="3" passed="3" failed="0" skipped="0">
  <reporter-output>
  </reporter-output>
  <suite started-at="2026-05-07T19:21:34 IST" name="Default suite" finished-at="2026-05-07T19:21:34 IST" duration-ms="101">
    <groups>
    </groups>
    <test started-at="2026-05-07T19:21:34 IST" name="Default test" finished-at="2026-05-07T19:21:34 IST" duration-ms="101">
      <class name="com.practice.DataProviderPractice">
        <test-method signature="sampleLoginTest(java.lang.String,java.lang.String)[pri:0, instance:com.practice.DataProviderPractice@51399530]" started-at="2026-05-07T19:21:34 IST" name="sampleLoginTest" data-provider="TestDataProvider" finished-at="2026-05-07T19:21:34 IST" duration-ms="15" status="PASS">
          <params>
            <param index="0">
              <value>
                <![CDATA[admin]]>
              </value>
            </param>
            <param index="1">
              <value>
                <![CDATA[admin123]]>
              </value>
            </param>
          </params>
          <reporter-output>
          </reporter-output>
        </test-method> <!-- sampleLoginTest -->
        <test-method signature="sampleLoginTest(java.lang.String,java.lang.String)[pri:0, instance:com.practice.DataProviderPractice@51399530]" started-at="2026-05-07T19:21:34 IST" name="sampleLoginTest" data-provider="TestDataProvider" finished-at="2026-05-07T19:21:34 IST" duration-ms="3" status="PASS">
          <params>
            <param index="0">
              <value>
                <![CDATA[user]]>
              </value>
            </param>
            <param index="1">
              <value>
                <![CDATA[user123]]>
              </value>
            </param>
          </params>
          <reporter-output>
          </reporter-output>
        </test-method> <!-- sampleLoginTest -->
        <test-method signature="sampleLoginTest(java.lang.String,java.lang.String)[pri:0, instance:com.practice.DataProviderPractice@51399530]" started-at="2026-05-07T19:21:34 IST" name="sampleLoginTest" data-provider="TestDataProvider" finished-at="2026-05-07T19:21:34 IST" duration-ms="2" status="PASS">
          <params>
            <param index="0">
              <value>
                <![CDATA[tester]]>
              </value>
            </param>
            <param index="1">
              <value>
                <![CDATA[tester123]]>
              </value>
            </param>
          </params>
          <reporter-output>
          </reporter-output>
        </test-method> <!-- sampleLoginTest -->
      </class> <!-- com.practice.DataProviderPractice -->
    </test> <!-- Default test -->
  </suite> <!-- Default suite -->
</testng-results>
