<?xml version="1.0" encoding="UTF-8"?>
<!-- Generated by org.testng.reporters.JUnitXMLReporter -->
<testsuite ignored="0" hostname="MSI" failures="0" tests="3" name="Default test" time="0.101" errors="0" timestamp="2026-05-07T19:21:34 IST">
  <testcase classname="com.practice.DataProviderPractice" name="sampleLoginTest" time="0.015"/>
  <testcase classname="com.practice.DataProviderPractice" name="sampleLoginTest" time="0.003"/>
  <testcase classname="com.practice.DataProviderPractice" name="sampleLoginTest" time="0.002"/>
</testsuite> <!-- Default test -->
